<?xml version="1.0" encoding="UTF-8"?>
<testsuite xmlns:xsi="http://www.w3.org/2001/XMLSchema-instance" xsi:noNamespaceSchemaLocation="https://maven.apache.org/surefire/maven-surefire-plugin/xsd/surefire-test-report.xsd" name="com.org.platform.ServiceDiscoveryApplicationTests" time="18.239" tests="1" errors="0" skipped="0" failures="0">
  <properties>
    <property name="sun.desktop" value="windows"/>
    <property name="awt.toolkit" value="sun.awt.windows.WToolkit"/>
    <property name="file.encoding.pkg" value="sun.io"/>
    <property name="java.specification.version" value="1.8"/>
    <property name="sun.cpu.isalist" value="pentium_pro+mmx pentium_pro pentium+mmx pentium i486 i386 i86"/>
    <property name="sun.jnu.encoding" value="Cp1252"/>
    <property name="java.class.path" value="C:\Users\S739559\Vijay\Project\ocsl_ws\platform\microservices-platform\service-discovery\target\test-classes;C:\Users\S739559\Vijay\Project\ocsl_ws\platform\microservices-platform\service-discovery\target\classes;C:\Users\S739559\.m2\repository\org\springframework\boot\spring-boot-starter-actuator\2.0.0.RELEASE\spring-boot-starter-actuator-2.0.0.RELEASE.jar;C:\Users\S739559\.m2\repository\org\springframework\boot\spring-boot-starter\2.0.0.RELEASE\spring-boot-starter-2.0.0.RELEASE.jar;C:\Users\S739559\.m2\repository\org\springframework\boot\spring-boot\2.0.0.RELEASE\spring-boot-2.0.0.RELEASE.jar;C:\Users\S739559\.m2\repository\org\springframework\boot\spring-boot-autoconfigure\2.0.0.RELEASE\spring-boot-autoconfigure-2.0.0.RELEASE.jar;C:\Users\S739559\.m2\repository\org\springframework\boot\spring-boot-starter-logging\2.0.0.RELEASE\spring-boot-starter-logging-2.0.0.RELEASE.jar;C:\Users\S739559\.m2\repository\ch\qos\logback\logback-classic\1.2.3\logback-classic-1.2.3.jar;C:\Users\S739559\.m2\repository\ch\qos\logback\logback-core\1.2.3\logback-core-1.2.3.jar;C:\Users\S739559\.m2\repository\org\apache\logging\log4j\log4j-to-slf4j\2.10.0\log4j-to-slf4j-2.10.0.jar;C:\Users\S739559\.m2\repository\org\apache\logging\log4j\log4j-api\2.10.0\log4j-api-2.10.0.jar;C:\Users\S739559\.m2\repository\org\slf4j\jul-to-slf4j\1.7.25\jul-to-slf4j-1.7.25.jar;C:\Users\S739559\.m2\repository\javax\annotation\javax.annotation-api\1.3.2\javax.annotation-api-1.3.2.jar;C:\Users\S739559\.m2\repository\org\yaml\snakeyaml\1.19\snakeyaml-1.19.jar;C:\Users\S739559\.m2\repository\org\springframework\boot\spring-boot-actuator-autoconfigure\2.0.0.RELEASE\spring-boot-actuator-autoconfigure-2.0.0.RELEASE.jar;C:\Users\S739559\.m2\repository\org\springframework\boot\spring-boot-actuator\2.0.0.RELEASE\spring-boot-actuator-2.0.0.RELEASE.jar;C:\Users\S739559\.m2\repository\org\springframework\spring-context\5.0.4.RELEASE\spring-context-5.0.4.RELEASE.jar;C:\Users\S739559\.m2\repository\org\springframework\spring-beans\5.0.4.RELEASE\spring-beans-5.0.4.RELEASE.jar;C:\Users\S739559\.m2\repository\org\springframework\spring-expression\5.0.4.RELEASE\spring-expression-5.0.4.RELEASE.jar;C:\Users\S739559\.m2\repository\com\fasterxml\jackson\datatype\jackson-datatype-jsr310\2.9.3\jackson-datatype-jsr310-2.9.3.jar;C:\Users\S739559\.m2\repository\io\micrometer\micrometer-core\1.0.1\micrometer-core-1.0.1.jar;C:\Users\S739559\.m2\repository\org\hdrhistogram\HdrHistogram\2.1.10\HdrHistogram-2.1.10.jar;C:\Users\S739559\.m2\repository\org\latencyutils\LatencyUtils\2.0.3\LatencyUtils-2.0.3.jar;C:\Users\S739559\.m2\repository\org\springframework\cloud\spring-cloud-starter-config\2.0.0.M9\spring-cloud-starter-config-2.0.0.M9.jar;C:\Users\S739559\.m2\repository\org\springframework\cloud\spring-cloud-starter\2.0.0.M9\spring-cloud-starter-2.0.0.M9.jar;C:\Users\S739559\.m2\repository\org\springframework\cloud\spring-cloud-context\2.0.0.M9\spring-cloud-context-2.0.0.M9.jar;C:\Users\S739559\.m2\repository\org\springframework\security\spring-security-crypto\5.0.3.RELEASE\spring-security-crypto-5.0.3.RELEASE.jar;C:\Users\S739559\.m2\repository\org\springframework\cloud\spring-cloud-commons\2.0.0.M9\spring-cloud-commons-2.0.0.M9.jar;C:\Users\S739559\.m2\repository\org\apache\httpcomponents\httpclient\4.5.5\httpclient-4.5.5.jar;C:\Users\S739559\.m2\repository\org\apache\httpcomponents\httpcore\4.4.9\httpcore-4.4.9.jar;C:\Users\S739559\.m2\repository\commons-codec\commons-codec\1.11\commons-codec-1.11.jar;C:\Users\S739559\.m2\repository\org\springframework\security\spring-security-rsa\1.0.5.RELEASE\spring-security-rsa-1.0.5.RELEASE.jar;C:\Users\S739559\.m2\repository\org\bouncycastle\bcpkix-jdk15on\1.56\bcpkix-jdk15on-1.56.jar;C:\Users\S739559\.m2\repository\org\bouncycastle\bcprov-jdk15on\1.56\bcprov-jdk15on-1.56.jar;C:\Users\S739559\.m2\repository\org\springframework\cloud\spring-cloud-config-client\2.0.0.M9\spring-cloud-config-client-2.0.0.M9.jar;C:\Users\S739559\.m2\repository\org\springframework\spring-web\5.0.4.RELEASE\spring-web-5.0.4.RELEASE.jar;C:\Users\S739559\.m2\repository\com\fasterxml\jackson\core\jackson-annotations\2.9.0\jackson-annotations-2.9.0.jar;C:\Users\S739559\.m2\repository\com\fasterxml\jackson\core\jackson-databind\2.9.3\jackson-databind-2.9.3.jar;C:\Users\S739559\.m2\repository\com\fasterxml\jackson\core\jackson-core\2.9.3\jackson-core-2.9.3.jar;C:\Users\S739559\.m2\repository\org\springframework\cloud\spring-cloud-starter-netflix-eureka-server\2.0.0.M8\spring-cloud-starter-netflix-eureka-server-2.0.0.M8.jar;C:\Users\S739559\.m2\repository\org\springframework\cloud\spring-cloud-netflix-eureka-server\2.0.0.M8\spring-cloud-netflix-eureka-server-2.0.0.M8.jar;C:\Users\S739559\.m2\repository\org\springframework\boot\spring-boot-starter-web\2.0.0.RELEASE\spring-boot-starter-web-2.0.0.RELEASE.jar;C:\Users\S739559\.m2\repository\org\springframework\boot\spring-boot-starter-json\2.0.0.RELEASE\spring-boot-starter-json-2.0.0.RELEASE.jar;C:\Users\S739559\.m2\repository\com\fasterxml\jackson\datatype\jackson-datatype-jdk8\2.9.3\jackson-datatype-jdk8-2.9.3.jar;C:\Users\S739559\.m2\repository\com\fasterxml\jackson\module\jackson-module-parameter-names\2.9.3\jackson-module-parameter-names-2.9.3.jar;C:\Users\S739559\.m2\repository\org\springframework\boot\spring-boot-starter-tomcat\2.0.0.RELEASE\spring-boot-starter-tomcat-2.0.0.RELEASE.jar;C:\Users\S739559\.m2\repository\org\apache\tomcat\embed\tomcat-embed-core\8.5.28\tomcat-embed-core-8.5.28.jar;C:\Users\S739559\.m2\repository\org\apache\tomcat\embed\tomcat-embed-el\8.5.28\tomcat-embed-el-8.5.28.jar;C:\Users\S739559\.m2\repository\org\apache\tomcat\embed\tomcat-embed-websocket\8.5.28\tomcat-embed-websocket-8.5.28.jar;C:\Users\S739559\.m2\repository\org\hibernate\validator\hibernate-validator\6.0.7.Final\hibernate-validator-6.0.7.Final.jar;C:\Users\S739559\.m2\repository\javax\validation\validation-api\2.0.1.Final\validation-api-2.0.1.Final.jar;C:\Users\S739559\.m2\repository\org\jboss\logging\jboss-logging\3.3.2.Final\jboss-logging-3.3.2.Final.jar;C:\Users\S739559\.m2\repository\com\fasterxml\classmate\1.3.4\classmate-1.3.4.jar;C:\Users\S739559\.m2\repository\org\springframework\spring-webmvc\5.0.4.RELEASE\spring-webmvc-5.0.4.RELEASE.jar;C:\Users\S739559\.m2\repository\org\springframework\boot\spring-boot-starter-freemarker\2.0.0.RELEASE\spring-boot-starter-freemarker-2.0.0.RELEASE.jar;C:\Users\S739559\.m2\repository\org\freemarker\freemarker\2.3.27-incubating\freemarker-2.3.27-incubating.jar;C:\Users\S739559\.m2\repository\org\springframework\spring-context-support\5.0.4.RELEASE\spring-context-support-5.0.4.RELEASE.jar;C:\Users\S739559\.m2\repository\org\springframework\cloud\spring-cloud-netflix-core\2.0.0.M8\spring-cloud-netflix-core-2.0.0.M8.jar;C:\Users\S739559\.m2\repository\org\springframework\cloud\spring-cloud-netflix-eureka-client\2.0.0.M8\spring-cloud-netflix-eureka-client-2.0.0.M8.jar;C:\Users\S739559\.m2\repository\com\netflix\eureka\eureka-client\1.8.7\eureka-client-1.8.7.jar;C:\Users\S739559\.m2\repository\org\codehaus\jettison\jettison\1.3.7\jettison-1.3.7.jar;C:\Users\S739559\.m2\repository\stax\stax-api\1.0.1\stax-api-1.0.1.jar;C:\Users\S739559\.m2\repository\com\netflix\netflix-commons\netflix-eventbus\0.3.0\netflix-eventbus-0.3.0.jar;C:\Users\S739559\.m2\repository\com\netflix\netflix-commons\netflix-infix\0.3.0\netflix-infix-0.3.0.jar;C:\Users\S739559\.m2\repository\commons-jxpath\commons-jxpath\1.3\commons-jxpath-1.3.jar;C:\Users\S739559\.m2\repository\joda-time\joda-time\2.9.9\joda-time-2.9.9.jar;C:\Users\S739559\.m2\repository\org\antlr\antlr-runtime\3.4\antlr-runtime-3.4.jar;C:\Users\S739559\.m2\repository\org\antlr\stringtemplate\3.2.1\stringtemplate-3.2.1.jar;C:\Users\S739559\.m2\repository\antlr\antlr\2.7.7\antlr-2.7.7.jar;C:\Users\S739559\.m2\repository\com\google\code\gson\gson\2.8.2\gson-2.8.2.jar;C:\Users\S739559\.m2\repository\org\apache\commons\commons-math\2.2\commons-math-2.2.jar;C:\Users\S739559\.m2\repository\javax\ws\rs\jsr311-api\1.1.1\jsr311-api-1.1.1.jar;C:\Users\S739559\.m2\repository\com\netflix\servo\servo-core\0.10.1\servo-core-0.10.1.jar;C:\Users\S739559\.m2\repository\com\netflix\servo\servo-internal\0.10.1\servo-internal-0.10.1.jar;C:\Users\S739559\.m2\repository\com\sun\jersey\jersey-core\1.19.1\jersey-core-1.19.1.jar;C:\Users\S739559\.m2\repository\com\sun\jersey\jersey-client\1.19.1\jersey-client-1.19.1.jar;C:\Users\S739559\.m2\repository\com\sun\jersey\contribs\jersey-apache-client4\1.19.1\jersey-apache-client4-1.19.1.jar;C:\Users\S739559\.m2\repository\com\google\inject\guice\4.1.0\guice-4.1.0.jar;C:\Users\S739559\.m2\repository\aopalliance\aopalliance\1.0\aopalliance-1.0.jar;C:\Users\S739559\.m2\repository\com\github\vlsi\compactmap\compactmap\1.2.1\compactmap-1.2.1.jar;C:\Users\S739559\.m2\repository\com\github\andrewoma\dexx\dexx-collections\0.2\dexx-collections-0.2.jar;C:\Users\S739559\.m2\repository\com\sun\jersey\jersey-servlet\1.19.1\jersey-servlet-1.19.1.jar;C:\Users\S739559\.m2\repository\com\sun\jersey\jersey-server\1.19.1\jersey-server-1.19.1.jar;C:\Users\S739559\.m2\repository\com\netflix\eureka\eureka-core\1.8.7\eureka-core-1.8.7.jar;C:\Users\S739559\.m2\repository\org\codehaus\woodstox\woodstox-core-asl\4.4.1\woodstox-core-asl-4.4.1.jar;C:\Users\S739559\.m2\repository\javax\xml\stream\stax-api\1.0-2\stax-api-1.0-2.jar;C:\Users\S739559\.m2\repository\com\netflix\archaius\archaius-core\0.7.5\archaius-core-0.7.5.jar;C:\Users\S739559\.m2\repository\com\google\code\findbugs\jsr305\3.0.1\jsr305-3.0.1.jar;C:\Users\S739559\.m2\repository\javax\inject\javax.inject\1\javax.inject-1.jar;C:\Users\S739559\.m2\repository\com\fasterxml\jackson\dataformat\jackson-dataformat-xml\2.9.3\jackson-dataformat-xml-2.9.3.jar;C:\Users\S739559\.m2\repository\com\fasterxml\jackson\module\jackson-module-jaxb-annotations\2.9.3\jackson-module-jaxb-annotations-2.9.3.jar;C:\Users\S739559\.m2\repository\org\codehaus\woodstox\stax2-api\3.1.4\stax2-api-3.1.4.jar;C:\Users\S739559\.m2\repository\com\fasterxml\woodstox\woodstox-core\5.0.3\woodstox-core-5.0.3.jar;C:\Users\S739559\.m2\repository\com\thoughtworks\xstream\xstream\1.4.10\xstream-1.4.10.jar;C:\Users\S739559\.m2\repository\xmlpull\xmlpull\1.1.3.1\xmlpull-1.1.3.1.jar;C:\Users\S739559\.m2\repository\xpp3\xpp3_min\1.1.4c\xpp3_min-1.1.4c.jar;C:\Users\S739559\.m2\repository\org\springframework\cloud\spring-cloud-starter-netflix-archaius\2.0.0.M8\spring-cloud-starter-netflix-archaius-2.0.0.M8.jar;C:\Users\S739559\.m2\repository\org\springframework\cloud\spring-cloud-netflix-ribbon\2.0.0.M8\spring-cloud-netflix-ribbon-2.0.0.M8.jar;C:\Users\S739559\.m2\repository\org\springframework\cloud\spring-cloud-netflix-archaius\2.0.0.M8\spring-cloud-netflix-archaius-2.0.0.M8.jar;C:\Users\S739559\.m2\repository\commons-configuration\commons-configuration\1.8\commons-configuration-1.8.jar;C:\Users\S739559\.m2\repository\commons-lang\commons-lang\2.6\commons-lang-2.6.jar;C:\Users\S739559\.m2\repository\com\google\guava\guava\18.0\guava-18.0.jar;C:\Users\S739559\.m2\repository\org\springframework\cloud\spring-cloud-starter-netflix-ribbon\2.0.0.M8\spring-cloud-starter-netflix-ribbon-2.0.0.M8.jar;C:\Users\S739559\.m2\repository\com\netflix\ribbon\ribbon\2.2.5\ribbon-2.2.5.jar;C:\Users\S739559\.m2\repository\com\netflix\ribbon\ribbon-transport\2.2.5\ribbon-transport-2.2.5.jar;C:\Users\S739559\.m2\repository\io\reactivex\rxnetty-contexts\0.4.9\rxnetty-contexts-0.4.9.jar;C:\Users\S739559\.m2\repository\io\reactivex\rxnetty-servo\0.4.9\rxnetty-servo-0.4.9.jar;C:\Users\S739559\.m2\repository\com\netflix\hystrix\hystrix-core\1.5.12\hystrix-core-1.5.12.jar;C:\Users\S739559\.m2\repository\io\reactivex\rxnetty\0.4.9\rxnetty-0.4.9.jar;C:\Users\S739559\.m2\repository\io\netty\netty-codec-http\4.1.22.Final\netty-codec-http-4.1.22.Final.jar;C:\Users\S739559\.m2\repository\io\netty\netty-codec\4.1.22.Final\netty-codec-4.1.22.Final.jar;C:\Users\S739559\.m2\repository\io\netty\netty-transport-native-epoll\4.1.22.Final\netty-transport-native-epoll-4.1.22.Final.jar;C:\Users\S739559\.m2\repository\io\netty\netty-common\4.1.22.Final\netty-common-4.1.22.Final.jar;C:\Users\S739559\.m2\repository\io\netty\netty-buffer\4.1.22.Final\netty-buffer-4.1.22.Final.jar;C:\Users\S739559\.m2\repository\io\netty\netty-transport-native-unix-common\4.1.22.Final\netty-transport-native-unix-common-4.1.22.Final.jar;C:\Users\S739559\.m2\repository\io\netty\netty-transport\4.1.22.Final\netty-transport-4.1.22.Final.jar;C:\Users\S739559\.m2\repository\io\netty\netty-resolver\4.1.22.Final\netty-resolver-4.1.22.Final.jar;C:\Users\S739559\.m2\repository\com\netflix\ribbon\ribbon-core\2.2.5\ribbon-core-2.2.5.jar;C:\Users\S739559\.m2\repository\com\netflix\ribbon\ribbon-httpclient\2.2.5\ribbon-httpclient-2.2.5.jar;C:\Users\S739559\.m2\repository\commons-collections\commons-collections\3.2.2\commons-collections-3.2.2.jar;C:\Users\S739559\.m2\repository\com\netflix\netflix-commons\netflix-commons-util\0.1.1\netflix-commons-util-0.1.1.jar;C:\Users\S739559\.m2\repository\com\netflix\ribbon\ribbon-loadbalancer\2.2.5\ribbon-loadbalancer-2.2.5.jar;C:\Users\S739559\.m2\repository\com\netflix\netflix-commons\netflix-statistics\0.1.1\netflix-statistics-0.1.1.jar;C:\Users\S739559\.m2\repository\io\reactivex\rxjava\1.3.6\rxjava-1.3.6.jar;C:\Users\S739559\.m2\repository\com\netflix\ribbon\ribbon-eureka\2.2.5\ribbon-eureka-2.2.5.jar;C:\Users\S739559\.m2\repository\org\slf4j\slf4j-api\1.7.25\slf4j-api-1.7.25.jar;C:\Users\S739559\.m2\repository\org\springframework\cloud\spring-cloud-starter-sleuth\2.0.0.M9\spring-cloud-starter-sleuth-2.0.0.M9.jar;C:\Users\S739559\.m2\repository\org\springframework\boot\spring-boot-starter-aop\2.0.0.RELEASE\spring-boot-starter-aop-2.0.0.RELEASE.jar;C:\Users\S739559\.m2\repository\org\springframework\spring-aop\5.0.4.RELEASE\spring-aop-5.0.4.RELEASE.jar;C:\Users\S739559\.m2\repository\org\aspectj\aspectjweaver\1.8.13\aspectjweaver-1.8.13.jar;C:\Users\S739559\.m2\repository\org\springframework\cloud\spring-cloud-sleuth-core\2.0.0.M9\spring-cloud-sleuth-core-2.0.0.M9.jar;C:\Users\S739559\.m2\repository\org\aspectj\aspectjrt\1.8.13\aspectjrt-1.8.13.jar;C:\Users\S739559\.m2\repository\io\zipkin\brave\brave\4.18.2\brave-4.18.2.jar;C:\Users\S739559\.m2\repository\io\zipkin\zipkin2\zipkin\2.6.1\zipkin-2.6.1.jar;C:\Users\S739559\.m2\repository\io\zipkin\reporter2\zipkin-reporter\2.5.0\zipkin-reporter-2.5.0.jar;C:\Users\S739559\.m2\repository\io\zipkin\brave\brave-context-log4j2\4.18.2\brave-context-log4j2-4.18.2.jar;C:\Users\S739559\.m2\repository\io\zipkin\brave\brave-instrumentation-spring-web\4.18.2\brave-instrumentation-spring-web-4.18.2.jar;C:\Users\S739559\.m2\repository\io\zipkin\brave\brave-instrumentation-http\4.18.2\brave-instrumentation-http-4.18.2.jar;C:\Users\S739559\.m2\repository\io\zipkin\brave\brave-instrumentation-spring-rabbit\4.18.2\brave-instrumentation-spring-rabbit-4.18.2.jar;C:\Users\S739559\.m2\repository\io\zipkin\brave\brave-instrumentation-kafka-clients\4.18.2\brave-instrumentation-kafka-clients-4.18.2.jar;C:\Users\S739559\.m2\repository\io\zipkin\brave\brave-instrumentation-httpclient\4.18.2\brave-instrumentation-httpclient-4.18.2.jar;C:\Users\S739559\.m2\repository\io\zipkin\brave\brave-instrumentation-httpasyncclient\4.18.2\brave-instrumentation-httpasyncclient-4.18.2.jar;C:\Users\S739559\.m2\repository\io\zipkin\brave\brave-instrumentation-spring-webmvc\4.18.2\brave-instrumentation-spring-webmvc-4.18.2.jar;C:\Users\S739559\.m2\repository\io\zipkin\brave\brave-instrumentation-servlet\4.18.2\brave-instrumentation-servlet-4.18.2.jar;C:\Users\S739559\.m2\repository\org\springframework\boot\spring-boot-starter-test\2.0.0.RELEASE\spring-boot-starter-test-2.0.0.RELEASE.jar;C:\Users\S739559\.m2\repository\org\springframework\boot\spring-boot-test\2.0.0.RELEASE\spring-boot-test-2.0.0.RELEASE.jar;C:\Users\S739559\.m2\repository\org\springframework\boot\spring-boot-test-autoconfigure\2.0.0.RELEASE\spring-boot-test-autoconfigure-2.0.0.RELEASE.jar;C:\Users\S739559\.m2\repository\com\jayway\jsonpath\json-path\2.4.0\json-path-2.4.0.jar;C:\Users\S739559\.m2\repository\net\minidev\json-smart\2.3\json-smart-2.3.jar;C:\Users\S739559\.m2\repository\net\minidev\accessors-smart\1.2\accessors-smart-1.2.jar;C:\Users\S739559\.m2\repository\org\ow2\asm\asm\5.0.4\asm-5.0.4.jar;C:\Users\S739559\.m2\repository\junit\junit\4.12\junit-4.12.jar;C:\Users\S739559\.m2\repository\org\assertj\assertj-core\3.9.1\assertj-core-3.9.1.jar;C:\Users\S739559\.m2\repository\org\mockito\mockito-core\2.15.0\mockito-core-2.15.0.jar;C:\Users\S739559\.m2\repository\net\bytebuddy\byte-buddy\1.7.10\byte-buddy-1.7.10.jar;C:\Users\S739559\.m2\repository\net\bytebuddy\byte-buddy-agent\1.7.10\byte-buddy-agent-1.7.10.jar;C:\Users\S739559\.m2\repository\org\objenesis\objenesis\2.6\objenesis-2.6.jar;C:\Users\S739559\.m2\repository\org\hamcrest\hamcrest-core\1.3\hamcrest-core-1.3.jar;C:\Users\S739559\.m2\repository\org\hamcrest\hamcrest-library\1.3\hamcrest-library-1.3.jar;C:\Users\S739559\.m2\repository\org\skyscreamer\jsonassert\1.5.0\jsonassert-1.5.0.jar;C:\Users\S739559\.m2\repository\com\vaadin\external\google\android-json\0.0.20131108.vaadin1\android-json-0.0.20131108.vaadin1.jar;C:\Users\S739559\.m2\repository\org\springframework\spring-core\5.0.4.RELEASE\spring-core-5.0.4.RELEASE.jar;C:\Users\S739559\.m2\repository\org\springframework\spring-jcl\5.0.4.RELEASE\spring-jcl-5.0.4.RELEASE.jar;C:\Users\S739559\.m2\repository\org\springframework\spring-test\5.0.4.RELEASE\spring-test-5.0.4.RELEASE.jar;C:\Users\S739559\.m2\repository\org\xmlunit\xmlunit-core\2.5.1\xmlunit-core-2.5.1.jar;"/>
    <property name="java.vm.vendor" value="Oracle Corporation"/>
    <property name="sun.arch.data.model" value="32"/>
    <property name="user.variant" value=""/>
    <property name="java.vendor.url" value="http://java.oracle.com/"/>
    <property name="user.timezone" value=""/>
    <property name="java.vm.specification.version" value="1.8"/>
    <property name="os.name" value="Windows 10"/>
    <property name="user.country" value="GB"/>
    <property name="sun.java.launcher" value="SUN_STANDARD"/>
    <property name="sun.boot.library.path" value="C:\Users\S739559\Vijay\Java\jdk\jdk-1.8u66\jre\bin"/>
    <property name="sun.java.command" value="C:\Users\S739559\AppData\Local\Temp\surefire3083578554672510696\surefirebooter6216033969497028668.jar C:\Users\S739559\AppData\Local\Temp\surefire3083578554672510696 2019-10-09T16-43-31_443-jvmRun1 surefire510673842227141605tmp surefire_01028402591064513754tmp"/>
    <property name="surefire.test.class.path" value="C:\Users\S739559\Vijay\Project\ocsl_ws\platform\microservices-platform\service-discovery\target\test-classes;C:\Users\S739559\Vijay\Project\ocsl_ws\platform\microservices-platform\service-discovery\target\classes;C:\Users\S739559\.m2\repository\org\springframework\boot\spring-boot-starter-actuator\2.0.0.RELEASE\spring-boot-starter-actuator-2.0.0.RELEASE.jar;C:\Users\S739559\.m2\repository\org\springframework\boot\spring-boot-starter\2.0.0.RELEASE\spring-boot-starter-2.0.0.RELEASE.jar;C:\Users\S739559\.m2\repository\org\springframework\boot\spring-boot\2.0.0.RELEASE\spring-boot-2.0.0.RELEASE.jar;C:\Users\S739559\.m2\repository\org\springframework\boot\spring-boot-autoconfigure\2.0.0.RELEASE\spring-boot-autoconfigure-2.0.0.RELEASE.jar;C:\Users\S739559\.m2\repository\org\springframework\boot\spring-boot-starter-logging\2.0.0.RELEASE\spring-boot-starter-logging-2.0.0.RELEASE.jar;C:\Users\S739559\.m2\repository\ch\qos\logback\logback-classic\1.2.3\logback-classic-1.2.3.jar;C:\Users\S739559\.m2\repository\ch\qos\logback\logback-core\1.2.3\logback-core-1.2.3.jar;C:\Users\S739559\.m2\repository\org\apache\logging\log4j\log4j-to-slf4j\2.10.0\log4j-to-slf4j-2.10.0.jar;C:\Users\S739559\.m2\repository\org\apache\logging\log4j\log4j-api\2.10.0\log4j-api-2.10.0.jar;C:\Users\S739559\.m2\repository\org\slf4j\jul-to-slf4j\1.7.25\jul-to-slf4j-1.7.25.jar;C:\Users\S739559\.m2\repository\javax\annotation\javax.annotation-api\1.3.2\javax.annotation-api-1.3.2.jar;C:\Users\S739559\.m2\repository\org\yaml\snakeyaml\1.19\snakeyaml-1.19.jar;C:\Users\S739559\.m2\repository\org\springframework\boot\spring-boot-actuator-autoconfigure\2.0.0.RELEASE\spring-boot-actuator-autoconfigure-2.0.0.RELEASE.jar;C:\Users\S739559\.m2\repository\org\springframework\boot\spring-boot-actuator\2.0.0.RELEASE\spring-boot-actuator-2.0.0.RELEASE.jar;C:\Users\S739559\.m2\repository\org\springframework\spring-context\5.0.4.RELEASE\spring-context-5.0.4.RELEASE.jar;C:\Users\S739559\.m2\repository\org\springframework\spring-beans\5.0.4.RELEASE\spring-beans-5.0.4.RELEASE.jar;C:\Users\S739559\.m2\repository\org\springframework\spring-expression\5.0.4.RELEASE\spring-expression-5.0.4.RELEASE.jar;C:\Users\S739559\.m2\repository\com\fasterxml\jackson\datatype\jackson-datatype-jsr310\2.9.3\jackson-datatype-jsr310-2.9.3.jar;C:\Users\S739559\.m2\repository\io\micrometer\micrometer-core\1.0.1\micrometer-core-1.0.1.jar;C:\Users\S739559\.m2\repository\org\hdrhistogram\HdrHistogram\2.1.10\HdrHistogram-2.1.10.jar;C:\Users\S739559\.m2\repository\org\latencyutils\LatencyUtils\2.0.3\LatencyUtils-2.0.3.jar;C:\Users\S739559\.m2\repository\org\springframework\cloud\spring-cloud-starter-config\2.0.0.M9\spring-cloud-starter-config-2.0.0.M9.jar;C:\Users\S739559\.m2\repository\org\springframework\cloud\spring-cloud-starter\2.0.0.M9\spring-cloud-starter-2.0.0.M9.jar;C:\Users\S739559\.m2\repository\org\springframework\cloud\spring-cloud-context\2.0.0.M9\spring-cloud-context-2.0.0.M9.jar;C:\Users\S739559\.m2\repository\org\springframework\security\spring-security-crypto\5.0.3.RELEASE\spring-security-crypto-5.0.3.RELEASE.jar;C:\Users\S739559\.m2\repository\org\springframework\cloud\spring-cloud-commons\2.0.0.M9\spring-cloud-commons-2.0.0.M9.jar;C:\Users\S739559\.m2\repository\org\apache\httpcomponents\httpclient\4.5.5\httpclient-4.5.5.jar;C:\Users\S739559\.m2\repository\org\apache\httpcomponents\httpcore\4.4.9\httpcore-4.4.9.jar;C:\Users\S739559\.m2\repository\commons-codec\commons-codec\1.11\commons-codec-1.11.jar;C:\Users\S739559\.m2\repository\org\springframework\security\spring-security-rsa\1.0.5.RELEASE\spring-security-rsa-1.0.5.RELEASE.jar;C:\Users\S739559\.m2\repository\org\bouncycastle\bcpkix-jdk15on\1.56\bcpkix-jdk15on-1.56.jar;C:\Users\S739559\.m2\repository\org\bouncycastle\bcprov-jdk15on\1.56\bcprov-jdk15on-1.56.jar;C:\Users\S739559\.m2\repository\org\springframework\cloud\spring-cloud-config-client\2.0.0.M9\spring-cloud-config-client-2.0.0.M9.jar;C:\Users\S739559\.m2\repository\org\springframework\spring-web\5.0.4.RELEASE\spring-web-5.0.4.RELEASE.jar;C:\Users\S739559\.m2\repository\com\fasterxml\jackson\core\jackson-annotations\2.9.0\jackson-annotations-2.9.0.jar;C:\Users\S739559\.m2\repository\com\fasterxml\jackson\core\jackson-databind\2.9.3\jackson-databind-2.9.3.jar;C:\Users\S739559\.m2\repository\com\fasterxml\jackson\core\jackson-core\2.9.3\jackson-core-2.9.3.jar;C:\Users\S739559\.m2\repository\org\springframework\cloud\spring-cloud-starter-netflix-eureka-server\2.0.0.M8\spring-cloud-starter-netflix-eureka-server-2.0.0.M8.jar;C:\Users\S739559\.m2\repository\org\springframework\cloud\spring-cloud-netflix-eureka-server\2.0.0.M8\spring-cloud-netflix-eureka-server-2.0.0.M8.jar;C:\Users\S739559\.m2\repository\org\springframework\boot\spring-boot-starter-web\2.0.0.RELEASE\spring-boot-starter-web-2.0.0.RELEASE.jar;C:\Users\S739559\.m2\repository\org\springframework\boot\spring-boot-starter-json\2.0.0.RELEASE\spring-boot-starter-json-2.0.0.RELEASE.jar;C:\Users\S739559\.m2\repository\com\fasterxml\jackson\datatype\jackson-datatype-jdk8\2.9.3\jackson-datatype-jdk8-2.9.3.jar;C:\Users\S739559\.m2\repository\com\fasterxml\jackson\module\jackson-module-parameter-names\2.9.3\jackson-module-parameter-names-2.9.3.jar;C:\Users\S739559\.m2\repository\org\springframework\boot\spring-boot-starter-tomcat\2.0.0.RELEASE\spring-boot-starter-tomcat-2.0.0.RELEASE.jar;C:\Users\S739559\.m2\repository\org\apache\tomcat\embed\tomcat-embed-core\8.5.28\tomcat-embed-core-8.5.28.jar;C:\Users\S739559\.m2\repository\org\apache\tomcat\embed\tomcat-embed-el\8.5.28\tomcat-embed-el-8.5.28.jar;C:\Users\S739559\.m2\repository\org\apache\tomcat\embed\tomcat-embed-websocket\8.5.28\tomcat-embed-websocket-8.5.28.jar;C:\Users\S739559\.m2\repository\org\hibernate\validator\hibernate-validator\6.0.7.Final\hibernate-validator-6.0.7.Final.jar;C:\Users\S739559\.m2\repository\javax\validation\validation-api\2.0.1.Final\validation-api-2.0.1.Final.jar;C:\Users\S739559\.m2\repository\org\jboss\logging\jboss-logging\3.3.2.Final\jboss-logging-3.3.2.Final.jar;C:\Users\S739559\.m2\repository\com\fasterxml\classmate\1.3.4\classmate-1.3.4.jar;C:\Users\S739559\.m2\repository\org\springframework\spring-webmvc\5.0.4.RELEASE\spring-webmvc-5.0.4.RELEASE.jar;C:\Users\S739559\.m2\repository\org\springframework\boot\spring-boot-starter-freemarker\2.0.0.RELEASE\spring-boot-starter-freemarker-2.0.0.RELEASE.jar;C:\Users\S739559\.m2\repository\org\freemarker\freemarker\2.3.27-incubating\freemarker-2.3.27-incubating.jar;C:\Users\S739559\.m2\repository\org\springframework\spring-context-support\5.0.4.RELEASE\spring-context-support-5.0.4.RELEASE.jar;C:\Users\S739559\.m2\repository\org\springframework\cloud\spring-cloud-netflix-core\2.0.0.M8\spring-cloud-netflix-core-2.0.0.M8.jar;C:\Users\S739559\.m2\repository\org\springframework\cloud\spring-cloud-netflix-eureka-client\2.0.0.M8\spring-cloud-netflix-eureka-client-2.0.0.M8.jar;C:\Users\S739559\.m2\repository\com\netflix\eureka\eureka-client\1.8.7\eureka-client-1.8.7.jar;C:\Users\S739559\.m2\repository\org\codehaus\jettison\jettison\1.3.7\jettison-1.3.7.jar;C:\Users\S739559\.m2\repository\stax\stax-api\1.0.1\stax-api-1.0.1.jar;C:\Users\S739559\.m2\repository\com\netflix\netflix-commons\netflix-eventbus\0.3.0\netflix-eventbus-0.3.0.jar;C:\Users\S739559\.m2\repository\com\netflix\netflix-commons\netflix-infix\0.3.0\netflix-infix-0.3.0.jar;C:\Users\S739559\.m2\repository\commons-jxpath\commons-jxpath\1.3\commons-jxpath-1.3.jar;C:\Users\S739559\.m2\repository\joda-time\joda-time\2.9.9\joda-time-2.9.9.jar;C:\Users\S739559\.m2\repository\org\antlr\antlr-runtime\3.4\antlr-runtime-3.4.jar;C:\Users\S739559\.m2\repository\org\antlr\stringtemplate\3.2.1\stringtemplate-3.2.1.jar;C:\Users\S739559\.m2\repository\antlr\antlr\2.7.7\antlr-2.7.7.jar;C:\Users\S739559\.m2\repository\com\google\code\gson\gson\2.8.2\gson-2.8.2.jar;C:\Users\S739559\.m2\repository\org\apache\commons\commons-math\2.2\commons-math-2.2.jar;C:\Users\S739559\.m2\repository\javax\ws\rs\jsr311-api\1.1.1\jsr311-api-1.1.1.jar;C:\Users\S739559\.m2\repository\com\netflix\servo\servo-core\0.10.1\servo-core-0.10.1.jar;C:\Users\S739559\.m2\repository\com\netflix\servo\servo-internal\0.10.1\servo-internal-0.10.1.jar;C:\Users\S739559\.m2\repository\com\sun\jersey\jersey-core\1.19.1\jersey-core-1.19.1.jar;C:\Users\S739559\.m2\repository\com\sun\jersey\jersey-client\1.19.1\jersey-client-1.19.1.jar;C:\Users\S739559\.m2\repository\com\sun\jersey\contribs\jersey-apache-client4\1.19.1\jersey-apache-client4-1.19.1.jar;C:\Users\S739559\.m2\repository\com\google\inject\guice\4.1.0\guice-4.1.0.jar;C:\Users\S739559\.m2\repository\aopalliance\aopalliance\1.0\aopalliance-1.0.jar;C:\Users\S739559\.m2\repository\com\github\vlsi\compactmap\compactmap\1.2.1\compactmap-1.2.1.jar;C:\Users\S739559\.m2\repository\com\github\andrewoma\dexx\dexx-collections\0.2\dexx-collections-0.2.jar;C:\Users\S739559\.m2\repository\com\sun\jersey\jersey-servlet\1.19.1\jersey-servlet-1.19.1.jar;C:\Users\S739559\.m2\repository\com\sun\jersey\jersey-server\1.19.1\jersey-server-1.19.1.jar;C:\Users\S739559\.m2\repository\com\netflix\eureka\eureka-core\1.8.7\eureka-core-1.8.7.jar;C:\Users\S739559\.m2\repository\org\codehaus\woodstox\woodstox-core-asl\4.4.1\woodstox-core-asl-4.4.1.jar;C:\Users\S739559\.m2\repository\javax\xml\stream\stax-api\1.0-2\stax-api-1.0-2.jar;C:\Users\S739559\.m2\repository\com\netflix\archaius\archaius-core\0.7.5\archaius-core-0.7.5.jar;C:\Users\S739559\.m2\repository\com\google\code\findbugs\jsr305\3.0.1\jsr305-3.0.1.jar;C:\Users\S739559\.m2\repository\javax\inject\javax.inject\1\javax.inject-1.jar;C:\Users\S739559\.m2\repository\com\fasterxml\jackson\dataformat\jackson-dataformat-xml\2.9.3\jackson-dataformat-xml-2.9.3.jar;C:\Users\S739559\.m2\repository\com\fasterxml\jackson\module\jackson-module-jaxb-annotations\2.9.3\jackson-module-jaxb-annotations-2.9.3.jar;C:\Users\S739559\.m2\repository\org\codehaus\woodstox\stax2-api\3.1.4\stax2-api-3.1.4.jar;C:\Users\S739559\.m2\repository\com\fasterxml\woodstox\woodstox-core\5.0.3\woodstox-core-5.0.3.jar;C:\Users\S739559\.m2\repository\com\thoughtworks\xstream\xstream\1.4.10\xstream-1.4.10.jar;C:\Users\S739559\.m2\repository\xmlpull\xmlpull\1.1.3.1\xmlpull-1.1.3.1.jar;C:\Users\S739559\.m2\repository\xpp3\xpp3_min\1.1.4c\xpp3_min-1.1.4c.jar;C:\Users\S739559\.m2\repository\org\springframework\cloud\spring-cloud-starter-netflix-archaius\2.0.0.M8\spring-cloud-starter-netflix-archaius-2.0.0.M8.jar;C:\Users\S739559\.m2\repository\org\springframework\cloud\spring-cloud-netflix-ribbon\2.0.0.M8\spring-cloud-netflix-ribbon-2.0.0.M8.jar;C:\Users\S739559\.m2\repository\org\springframework\cloud\spring-cloud-netflix-archaius\2.0.0.M8\spring-cloud-netflix-archaius-2.0.0.M8.jar;C:\Users\S739559\.m2\repository\commons-configuration\commons-configuration\1.8\commons-configuration-1.8.jar;C:\Users\S739559\.m2\repository\commons-lang\commons-lang\2.6\commons-lang-2.6.jar;C:\Users\S739559\.m2\repository\com\google\guava\guava\18.0\guava-18.0.jar;C:\Users\S739559\.m2\repository\org\springframework\cloud\spring-cloud-starter-netflix-ribbon\2.0.0.M8\spring-cloud-starter-netflix-ribbon-2.0.0.M8.jar;C:\Users\S739559\.m2\repository\com\netflix\ribbon\ribbon\2.2.5\ribbon-2.2.5.jar;C:\Users\S739559\.m2\repository\com\netflix\ribbon\ribbon-transport\2.2.5\ribbon-transport-2.2.5.jar;C:\Users\S739559\.m2\repository\io\reactivex\rxnetty-contexts\0.4.9\rxnetty-contexts-0.4.9.jar;C:\Users\S739559\.m2\repository\io\reactivex\rxnetty-servo\0.4.9\rxnetty-servo-0.4.9.jar;C:\Users\S739559\.m2\repository\com\netflix\hystrix\hystrix-core\1.5.12\hystrix-core-1.5.12.jar;C:\Users\S739559\.m2\repository\io\reactivex\rxnetty\0.4.9\rxnetty-0.4.9.jar;C:\Users\S739559\.m2\repository\io\netty\netty-codec-http\4.1.22.Final\netty-codec-http-4.1.22.Final.jar;C:\Users\S739559\.m2\repository\io\netty\netty-codec\4.1.22.Final\netty-codec-4.1.22.Final.jar;C:\Users\S739559\.m2\repository\io\netty\netty-transport-native-epoll\4.1.22.Final\netty-transport-native-epoll-4.1.22.Final.jar;C:\Users\S739559\.m2\repository\io\netty\netty-common\4.1.22.Final\netty-common-4.1.22.Final.jar;C:\Users\S739559\.m2\repository\io\netty\netty-buffer\4.1.22.Final\netty-buffer-4.1.22.Final.jar;C:\Users\S739559\.m2\repository\io\netty\netty-transport-native-unix-common\4.1.22.Final\netty-transport-native-unix-common-4.1.22.Final.jar;C:\Users\S739559\.m2\repository\io\netty\netty-transport\4.1.22.Final\netty-transport-4.1.22.Final.jar;C:\Users\S739559\.m2\repository\io\netty\netty-resolver\4.1.22.Final\netty-resolver-4.1.22.Final.jar;C:\Users\S739559\.m2\repository\com\netflix\ribbon\ribbon-core\2.2.5\ribbon-core-2.2.5.jar;C:\Users\S739559\.m2\repository\com\netflix\ribbon\ribbon-httpclient\2.2.5\ribbon-httpclient-2.2.5.jar;C:\Users\S739559\.m2\repository\commons-collections\commons-collections\3.2.2\commons-collections-3.2.2.jar;C:\Users\S739559\.m2\repository\com\netflix\netflix-commons\netflix-commons-util\0.1.1\netflix-commons-util-0.1.1.jar;C:\Users\S739559\.m2\repository\com\netflix\ribbon\ribbon-loadbalancer\2.2.5\ribbon-loadbalancer-2.2.5.jar;C:\Users\S739559\.m2\repository\com\netflix\netflix-commons\netflix-statistics\0.1.1\netflix-statistics-0.1.1.jar;C:\Users\S739559\.m2\repository\io\reactivex\rxjava\1.3.6\rxjava-1.3.6.jar;C:\Users\S739559\.m2\repository\com\netflix\ribbon\ribbon-eureka\2.2.5\ribbon-eureka-2.2.5.jar;C:\Users\S739559\.m2\repository\org\slf4j\slf4j-api\1.7.25\slf4j-api-1.7.25.jar;C:\Users\S739559\.m2\repository\org\springframework\cloud\spring-cloud-starter-sleuth\2.0.0.M9\spring-cloud-starter-sleuth-2.0.0.M9.jar;C:\Users\S739559\.m2\repository\org\springframework\boot\spring-boot-starter-aop\2.0.0.RELEASE\spring-boot-starter-aop-2.0.0.RELEASE.jar;C:\Users\S739559\.m2\repository\org\springframework\spring-aop\5.0.4.RELEASE\spring-aop-5.0.4.RELEASE.jar;C:\Users\S739559\.m2\repository\org\aspectj\aspectjweaver\1.8.13\aspectjweaver-1.8.13.jar;C:\Users\S739559\.m2\repository\org\springframework\cloud\spring-cloud-sleuth-core\2.0.0.M9\spring-cloud-sleuth-core-2.0.0.M9.jar;C:\Users\S739559\.m2\repository\org\aspectj\aspectjrt\1.8.13\aspectjrt-1.8.13.jar;C:\Users\S739559\.m2\repository\io\zipkin\brave\brave\4.18.2\brave-4.18.2.jar;C:\Users\S739559\.m2\repository\io\zipkin\zipkin2\zipkin\2.6.1\zipkin-2.6.1.jar;C:\Users\S739559\.m2\repository\io\zipkin\reporter2\zipkin-reporter\2.5.0\zipkin-reporter-2.5.0.jar;C:\Users\S739559\.m2\repository\io\zipkin\brave\brave-context-log4j2\4.18.2\brave-context-log4j2-4.18.2.jar;C:\Users\S739559\.m2\repository\io\zipkin\brave\brave-instrumentation-spring-web\4.18.2\brave-instrumentation-spring-web-4.18.2.jar;C:\Users\S739559\.m2\repository\io\zipkin\brave\brave-instrumentation-http\4.18.2\brave-instrumentation-http-4.18.2.jar;C:\Users\S739559\.m2\repository\io\zipkin\brave\brave-instrumentation-spring-rabbit\4.18.2\brave-instrumentation-spring-rabbit-4.18.2.jar;C:\Users\S739559\.m2\repository\io\zipkin\brave\brave-instrumentation-kafka-clients\4.18.2\brave-instrumentation-kafka-clients-4.18.2.jar;C:\Users\S739559\.m2\repository\io\zipkin\brave\brave-instrumentation-httpclient\4.18.2\brave-instrumentation-httpclient-4.18.2.jar;C:\Users\S739559\.m2\repository\io\zipkin\brave\brave-instrumentation-httpasyncclient\4.18.2\brave-instrumentation-httpasyncclient-4.18.2.jar;C:\Users\S739559\.m2\repository\io\zipkin\brave\brave-instrumentation-spring-webmvc\4.18.2\brave-instrumentation-spring-webmvc-4.18.2.jar;C:\Users\S739559\.m2\repository\io\zipkin\brave\brave-instrumentation-servlet\4.18.2\brave-instrumentation-servlet-4.18.2.jar;C:\Users\S739559\.m2\repository\org\springframework\boot\spring-boot-starter-test\2.0.0.RELEASE\spring-boot-starter-test-2.0.0.RELEASE.jar;C:\Users\S739559\.m2\repository\org\springframework\boot\spring-boot-test\2.0.0.RELEASE\spring-boot-test-2.0.0.RELEASE.jar;C:\Users\S739559\.m2\repository\org\springframework\boot\spring-boot-test-autoconfigure\2.0.0.RELEASE\spring-boot-test-autoconfigure-2.0.0.RELEASE.jar;C:\Users\S739559\.m2\repository\com\jayway\jsonpath\json-path\2.4.0\json-path-2.4.0.jar;C:\Users\S739559\.m2\repository\net\minidev\json-smart\2.3\json-smart-2.3.jar;C:\Users\S739559\.m2\repository\net\minidev\accessors-smart\1.2\accessors-smart-1.2.jar;C:\Users\S739559\.m2\repository\org\ow2\asm\asm\5.0.4\asm-5.0.4.jar;C:\Users\S739559\.m2\repository\junit\junit\4.12\junit-4.12.jar;C:\Users\S739559\.m2\repository\org\assertj\assertj-core\3.9.1\assertj-core-3.9.1.jar;C:\Users\S739559\.m2\repository\org\mockito\mockito-core\2.15.0\mockito-core-2.15.0.jar;C:\Users\S739559\.m2\repository\net\bytebuddy\byte-buddy\1.7.10\byte-buddy-1.7.10.jar;C:\Users\S739559\.m2\repository\net\bytebuddy\byte-buddy-agent\1.7.10\byte-buddy-agent-1.7.10.jar;C:\Users\S739559\.m2\repository\org\objenesis\objenesis\2.6\objenesis-2.6.jar;C:\Users\S739559\.m2\repository\org\hamcrest\hamcrest-core\1.3\hamcrest-core-1.3.jar;C:\Users\S739559\.m2\repository\org\hamcrest\hamcrest-library\1.3\hamcrest-library-1.3.jar;C:\Users\S739559\.m2\repository\org\skyscreamer\jsonassert\1.5.0\jsonassert-1.5.0.jar;C:\Users\S739559\.m2\repository\com\vaadin\external\google\android-json\0.0.20131108.vaadin1\android-json-0.0.20131108.vaadin1.jar;C:\Users\S739559\.m2\repository\org\springframework\spring-core\5.0.4.RELEASE\spring-core-5.0.4.RELEASE.jar;C:\Users\S739559\.m2\repository\org\springframework\spring-jcl\5.0.4.RELEASE\spring-jcl-5.0.4.RELEASE.jar;C:\Users\S739559\.m2\repository\org\springframework\spring-test\5.0.4.RELEASE\spring-test-5.0.4.RELEASE.jar;C:\Users\S739559\.m2\repository\org\xmlunit\xmlunit-core\2.5.1\xmlunit-core-2.5.1.jar;"/>
    <property name="sun.cpu.endian" value="little"/>
    <property name="user.home" value="C:\Users\S739559"/>
    <property name="user.language" value="en"/>
    <property name="java.specification.vendor" value="Oracle Corporation"/>
    <property name="java.home" value="C:\Users\S739559\Vijay\Java\jdk\jdk-1.8u66\jre"/>
    <property name="basedir" value="C:\Users\S739559\Vijay\Project\ocsl_ws\platform\microservices-platform\service-discovery"/>
    <property name="file.separator" value="\"/>
    <property name="line.separator" value="&#10;"/>
    <property name="java.vm.specification.vendor" value="Oracle Corporation"/>
    <property name="java.specification.name" value="Java Platform API Specification"/>
    <property name="java.awt.graphicsenv" value="sun.awt.Win32GraphicsEnvironment"/>
    <property name="surefire.real.class.path" value="C:\Users\S739559\AppData\Local\Temp\surefire3083578554672510696\surefirebooter6216033969497028668.jar"/>
    <property name="sun.boot.class.path" value="C:\Users\S739559\Vijay\Java\jdk\jdk-1.8u66\jre\lib\resources.jar;C:\Users\S739559\Vijay\Java\jdk\jdk-1.8u66\jre\lib\rt.jar;C:\Users\S739559\Vijay\Java\jdk\jdk-1.8u66\jre\lib\sunrsasign.jar;C:\Users\S739559\Vijay\Java\jdk\jdk-1.8u66\jre\lib\jsse.jar;C:\Users\S739559\Vijay\Java\jdk\jdk-1.8u66\jre\lib\jce.jar;C:\Users\S739559\Vijay\Java\jdk\jdk-1.8u66\jre\lib\charsets.jar;C:\Users\S739559\Vijay\Java\jdk\jdk-1.8u66\jre\lib\jfr.jar;C:\Users\S739559\Vijay\Java\jdk\jdk-1.8u66\jre\classes"/>
    <property name="user.script" value=""/>
    <property name="sun.management.compiler" value="HotSpot Client Compiler"/>
    <property name="java.runtime.version" value="1.8.0_66-b18"/>
    <property name="user.name" value="S739559"/>
    <property name="path.separator" value=";"/>
    <property name="os.version" value="10.0"/>
    <property name="java.endorsed.dirs" value="C:\Users\S739559\Vijay\Java\jdk\jdk-1.8u66\jre\lib\endorsed"/>
    <property name="java.runtime.name" value="Java(TM) SE Runtime Environment"/>
    <property name="file.encoding" value="Cp1252"/>
    <property name="java.vm.name" value="Java HotSpot(TM) Client VM"/>
    <property name="localRepository" value="C:\Users\S739559\.m2\repository"/>
    <property name="java.vendor.url.bug" value="http://bugreport.sun.com/bugreport/"/>
    <property name="java.io.tmpdir" value="C:\Users\S739559\AppData\Local\Temp\"/>
    <property name="java.version" value="1.8.0_66"/>
    <property name="user.dir" value="C:\Users\S739559\Vijay\Project\ocsl_ws\platform\microservices-platform\service-discovery"/>
    <property name="os.arch" value="x86"/>
    <property name="java.vm.specification.name" value="Java Virtual Machine Specification"/>
    <property name="java.awt.printerjob" value="sun.awt.windows.WPrinterJob"/>
    <property name="sun.os.patch.level" value=""/>
    <property name="java.library.path" value="C:\Users\S739559\Vijay\Java\jdk\jdk-1.8u66\jre\bin;C:\WINDOWS\Sun\Java\bin;C:\WINDOWS\system32;C:\WINDOWS;H:\bin;C:\Program Files\Git\mingw64\bin;C:\Program Files\Git\usr\local\bin;C:\Program Files\Git\usr\bin;C:\Program Files\Git\usr\bin;C:\Program Files\Git\mingw64\bin;C:\Program Files\Git\usr\bin;H:\bin;C:\WINDOWS\system32;C:\WINDOWS;C:\WINDOWS\System32\Wbem;C:\WINDOWS\System32\WindowsPowerShell\v1.0;M:\Ora12c\product\12.1.0\client_1\bin;M:\Ora11g\oraclient11g\product\11.2.0\client_1\bin;C:\Program Files\TortoiseSVN\bin;C:\Program Files\Git\cmd;C:\Users\S739559\Vijay\Java\putty;C:\Users\S739559\Vijay\Java\NodeJs;C:\Users\S739559\AppData\Local\Microsoft\WindowsApps;C:\Users\S739559\Vijay\Java\jdk\jdk-1.8u66\bin;C:\Users\S739559\Vijay\Java\maven\apache-maven-3.6.0\bin;C:\Users\S739559\Vijay\Java\putty;C:\Users\S739559\AppData\Roaming\npm;C:\Program Files\Git\usr\bin\vendor_perl;C:\Program Files\Git\usr\bin\core_perl;."/>
    <property name="java.vm.info" value="mixed mode"/>
    <property name="java.vendor" value="Oracle Corporation"/>
    <property name="java.vm.version" value="25.66-b18"/>
    <property name="java.ext.dirs" value="C:\Users\S739559\Vijay\Java\jdk\jdk-1.8u66\jre\lib\ext;C:\WINDOWS\Sun\Java\lib\ext"/>
    <property name="sun.io.unicode.encoding" value="UnicodeLittle"/>
    <property name="java.class.version" value="52.0"/>
  </properties>
  <testcase name="contextLoads" classname="com.org.platform.ServiceDiscoveryApplicationTests" time="0.101"/>
</testsuite>